[INFO] 02-04-2024 17:27:05 [main] [DriverFactory.DriverFactory.setupDriver(DriverFactory.java:33)] - C:\Users\ammar\OneDrive\IntelliJ_projects\Automation-Project
[INFO] 02-04-2024 17:27:12 [main] [Tests.T01_RegistrationTest.setup(T01_RegistrationTest.java:25)] -  Edge Driver is opened 
[INFO] 02-04-2024 17:27:17 [main] [Tests.T01_RegistrationTest.setup(T01_RegistrationTest.java:27)] -  Page is redirected to the URL 
[INFO] 02-04-2024 17:27:17 [main] [Listeners.ITestResultListenerClass.onTestStart(ITestResultListenerClass.java:9)] - Test Case RegisterUserTC started
[INFO] 02-04-2024 17:27:23 [main] [Tests.T01_RegistrationTest.RegisterUserTC(T01_RegistrationTest.java:37)] - Filling out Credentials
[INFO] 02-04-2024 17:27:23 [main] [Pages.P02_LoginPage.Entername(P02_LoginPage.java:40)] - Username is added
[INFO] 02-04-2024 17:27:24 [main] [Pages.P02_LoginPage.Enteremail(P02_LoginPage.java:46)] - email is added
[INFO] 02-04-2024 17:27:26 [main] [Tests.T01_RegistrationTest.RegisterUserTC(T01_RegistrationTest.java:45)] - Assertion on Account Info Text
[ERROR] 02-04-2024 17:27:50 [main] [Utilities.Utility.closeAdByRefreshing(Utility.java:142)] - Expected condition failed: waiting for element to be clickable: By.xpath: //a[@data-qa='continue-button'] (tried for 5 second(s) with 500 milliseconds interval)
Build info: version: '4.18.1', revision: 'b1d3319b48'
System info: os.name: 'Windows 11', os.arch: 'amd64', os.version: '10.0', java.version: '21.0.2'
Driver info: org.openqa.selenium.edge.EdgeDriver
Capabilities {acceptInsecureCerts: false, browserName: MicrosoftEdge, browserVersion: 123.0.2420.65, fedcm:accounts: true, ms:edgeOptions: {debuggerAddress: localhost:50604}, msedge: {msedgedriverVersion: 123.0.2420.65 (49b6a5859239..., userDataDir: C:\Users\ammar\AppData\Loca...}, networkConnectionEnabled: false, pageLoadStrategy: normal, platformName: windows, proxy: Proxy(), se:cdp: ws://localhost:50604/devtoo..., se:cdpVersion: 123.0.2420.65, setWindowRect: true, strictFileInteractability: false, timeouts: {implicit: 0, pageLoad: 300000, script: 30000}, unhandledPromptBehavior: dismiss and notify, webauthn:extension:credBlob: true, webauthn:extension:largeBlob: true, webauthn:extension:minPinLength: true, webauthn:extension:prf: true, webauthn:virtualAuthenticators: true}
Session ID: 689a1fefb785b0464aa8a429dc5516f0
[INFO] 02-04-2024 17:27:50 [main] [Tests.T01_RegistrationTest.RegisterUserTC(T01_RegistrationTest.java:53)] - Deleting the account started
[INFO] 02-04-2024 17:27:55 [main] [Tests.T01_RegistrationTest.RegisterUserTC(T01_RegistrationTest.java:57)] - The Account is Deleted Successfully
[INFO] 02-04-2024 17:27:55 [main] [Listeners.ITestResultListenerClass.onTestSuccess(ITestResultListenerClass.java:13)] - Test Case RegisterUserTC passed
[INFO] 02-04-2024 17:27:57 [main] [DriverFactory.DriverFactory.quitDriver(DriverFactory.java:50)] -  The browser is closed
[INFO] 02-04-2024 17:27:57 [main] [DriverFactory.DriverFactory.setupDriver(DriverFactory.java:33)] - C:\Users\ammar\OneDrive\IntelliJ_projects\Automation-Project
[INFO] 02-04-2024 17:28:02 [main] [Tests.T02_ValidLoginTest.setup(T02_ValidLoginTest.java:27)] -  Edge Driver is opened 
[INFO] 02-04-2024 17:28:05 [main] [Tests.T02_ValidLoginTest.setup(T02_ValidLoginTest.java:29)] -  Page is redirected to the URL 
[INFO] 02-04-2024 17:28:05 [main] [Listeners.ITestResultListenerClass.onTestStart(ITestResultListenerClass.java:9)] - Test Case ValidLoginTC started
[INFO] 02-04-2024 17:28:08 [main] [Tests.T02_ValidLoginTest.ValidLoginTC(T02_ValidLoginTest.java:40)] - Filling out Credentials
[INFO] 02-04-2024 17:28:09 [main] [Pages.P02_LoginPage.EnterLoginEmail(P02_LoginPage.java:52)] - email is added
[INFO] 02-04-2024 17:28:09 [main] [Pages.P02_LoginPage.EnterPassword(P02_LoginPage.java:58)] - password is added
[INFO] 02-04-2024 17:28:13 [main] [Listeners.ITestResultListenerClass.onTestSuccess(ITestResultListenerClass.java:13)] - Test Case ValidLoginTC passed
[INFO] 02-04-2024 17:28:15 [main] [DriverFactory.DriverFactory.quitDriver(DriverFactory.java:50)] -  The browser is closed
[INFO] 02-04-2024 17:28:15 [main] [DriverFactory.DriverFactory.setupDriver(DriverFactory.java:33)] - C:\Users\ammar\OneDrive\IntelliJ_projects\Automation-Project
[INFO] 02-04-2024 17:28:19 [main] [Tests.T03_InvalidLoginTest.setup(T03_InvalidLoginTest.java:26)] -  Edge Driver is opened 
[INFO] 02-04-2024 17:28:22 [main] [Tests.T03_InvalidLoginTest.setup(T03_InvalidLoginTest.java:28)] -  Page is redirected to the URL 
[INFO] 02-04-2024 17:28:22 [main] [Listeners.ITestResultListenerClass.onTestStart(ITestResultListenerClass.java:9)] - Test Case InValidLoginTC started
[INFO] 02-04-2024 17:28:25 [main] [Tests.T03_InvalidLoginTest.InValidLoginTC(T03_InvalidLoginTest.java:40)] - Filling out Credentials
[INFO] 02-04-2024 17:28:26 [main] [Pages.P02_LoginPage.EnterLoginEmail(P02_LoginPage.java:52)] - email is added
[INFO] 02-04-2024 17:28:26 [main] [Pages.P02_LoginPage.EnterPassword(P02_LoginPage.java:58)] - password is added
[INFO] 02-04-2024 17:28:28 [main] [Listeners.ITestResultListenerClass.onTestSuccess(ITestResultListenerClass.java:13)] - Test Case InValidLoginTC passed
[INFO] 02-04-2024 17:28:29 [main] [DriverFactory.DriverFactory.quitDriver(DriverFactory.java:50)] -  The browser is closed
[INFO] 02-04-2024 17:28:29 [main] [DriverFactory.DriverFactory.setupDriver(DriverFactory.java:33)] - C:\Users\ammar\OneDrive\IntelliJ_projects\Automation-Project
[INFO] 02-04-2024 17:28:33 [main] [Tests.T04_LogoutTest.setup(T04_LogoutTest.java:31)] -  Edge Driver is opened 
[INFO] 02-04-2024 17:28:37 [main] [Tests.T04_LogoutTest.setup(T04_LogoutTest.java:33)] -  Page is redirected to the URL 
[INFO] 02-04-2024 17:28:37 [main] [Listeners.ITestResultListenerClass.onTestStart(ITestResultListenerClass.java:9)] - Test Case LogoutTC started
[INFO] 02-04-2024 17:28:39 [main] [Tests.T04_LogoutTest.LogoutTC(T04_LogoutTest.java:42)] - Filling out Credentials
[INFO] 02-04-2024 17:28:39 [main] [Pages.P02_LoginPage.EnterLoginEmail(P02_LoginPage.java:52)] - email is added
[INFO] 02-04-2024 17:28:39 [main] [Pages.P02_LoginPage.EnterPassword(P02_LoginPage.java:58)] - password is added
[INFO] 02-04-2024 17:28:42 [main] [Tests.T04_LogoutTest.LogoutTC(T04_LogoutTest.java:50)] - user is logged in
[INFO] 02-04-2024 17:28:44 [main] [Listeners.ITestResultListenerClass.onTestSuccess(ITestResultListenerClass.java:13)] - Test Case LogoutTC passed
[INFO] 02-04-2024 17:28:45 [main] [DriverFactory.DriverFactory.quitDriver(DriverFactory.java:50)] -  The browser is closed
[INFO] 02-04-2024 17:28:45 [main] [DriverFactory.DriverFactory.setupDriver(DriverFactory.java:33)] - C:\Users\ammar\OneDrive\IntelliJ_projects\Automation-Project
[INFO] 02-04-2024 17:28:50 [main] [Tests.T05_ProductRelatedTests.setup(T05_ProductRelatedTests.java:28)] -  Edge Driver is opened 
[INFO] 02-04-2024 17:28:54 [main] [Tests.T05_ProductRelatedTests.setup(T05_ProductRelatedTests.java:30)] -  Page is redirected to the URL 
[INFO] 02-04-2024 17:28:54 [main] [Listeners.ITestResultListenerClass.onTestStart(ITestResultListenerClass.java:9)] - Test Case VerifyProductDetailsTC started
[ERROR] 02-04-2024 17:29:13 [main] [Utilities.Utility.closeAdByRefreshing(Utility.java:142)] - Expected condition failed: waiting for element to be clickable: By.xpath: //a[@href='/product_details/2'] (tried for 5 second(s) with 500 milliseconds interval)
Build info: version: '4.18.1', revision: 'b1d3319b48'
System info: os.name: 'Windows 11', os.arch: 'amd64', os.version: '10.0', java.version: '21.0.2'
Driver info: org.openqa.selenium.edge.EdgeDriver
Capabilities {acceptInsecureCerts: false, browserName: MicrosoftEdge, browserVersion: 123.0.2420.65, fedcm:accounts: true, ms:edgeOptions: {debuggerAddress: localhost:51137}, msedge: {msedgedriverVersion: 123.0.2420.65 (49b6a5859239..., userDataDir: C:\Users\ammar\AppData\Loca...}, networkConnectionEnabled: false, pageLoadStrategy: normal, platformName: windows, proxy: Proxy(), se:cdp: ws://localhost:51137/devtoo..., se:cdpVersion: 123.0.2420.65, setWindowRect: true, strictFileInteractability: false, timeouts: {implicit: 0, pageLoad: 300000, script: 30000}, unhandledPromptBehavior: dismiss and notify, webauthn:extension:credBlob: true, webauthn:extension:largeBlob: true, webauthn:extension:minPinLength: true, webauthn:extension:prf: true, webauthn:virtualAuthenticators: true}
Session ID: 29dc1cc4d3bbd9d9ad3feeeed4264aa3
[INFO] 02-04-2024 17:29:14 [main] [Listeners.ITestResultListenerClass.onTestSuccess(ITestResultListenerClass.java:13)] - Test Case VerifyProductDetailsTC passed
[INFO] 02-04-2024 17:29:15 [main] [DriverFactory.DriverFactory.quitDriver(DriverFactory.java:50)] -  The browser is closed
[INFO] 02-04-2024 17:29:15 [main] [DriverFactory.DriverFactory.setupDriver(DriverFactory.java:33)] - C:\Users\ammar\OneDrive\IntelliJ_projects\Automation-Project
[INFO] 02-04-2024 17:29:19 [main] [Tests.T05_ProductRelatedTests.setup(T05_ProductRelatedTests.java:28)] -  Edge Driver is opened 
[INFO] 02-04-2024 17:29:23 [main] [Tests.T05_ProductRelatedTests.setup(T05_ProductRelatedTests.java:30)] -  Page is redirected to the URL 
[INFO] 02-04-2024 17:29:23 [main] [Listeners.ITestResultListenerClass.onTestStart(ITestResultListenerClass.java:9)] - Test Case SearchProductTC started
[INFO] 02-04-2024 17:29:32 [main] [Pages.P06_ProductsPage.searchedProductsVisibility(P06_ProductsPage.java:80)] - Visibility of item number:1
[INFO] 02-04-2024 17:29:32 [main] [Pages.P06_ProductsPage.searchedProductsVisibility(P06_ProductsPage.java:80)] - Visibility of item number:2
[INFO] 02-04-2024 17:29:32 [main] [Pages.P06_ProductsPage.searchedProductsVisibility(P06_ProductsPage.java:80)] - Visibility of item number:3
[INFO] 02-04-2024 17:29:32 [main] [Pages.P06_ProductsPage.searchedProductsVisibility(P06_ProductsPage.java:80)] - Visibility of item number:4
[INFO] 02-04-2024 17:29:32 [main] [Pages.P06_ProductsPage.searchedProductsVisibility(P06_ProductsPage.java:80)] - Visibility of item number:5
[INFO] 02-04-2024 17:29:33 [main] [Pages.P06_ProductsPage.searchedProductsVisibility(P06_ProductsPage.java:80)] - Visibility of item number:6
[INFO] 02-04-2024 17:29:33 [main] [Listeners.ITestResultListenerClass.onTestSuccess(ITestResultListenerClass.java:13)] - Test Case SearchProductTC passed
[INFO] 02-04-2024 17:29:34 [main] [DriverFactory.DriverFactory.quitDriver(DriverFactory.java:50)] -  The browser is closed
[INFO] 02-04-2024 17:29:34 [main] [DriverFactory.DriverFactory.setupDriver(DriverFactory.java:33)] - C:\Users\ammar\OneDrive\IntelliJ_projects\Automation-Project
[INFO] 02-04-2024 17:29:39 [main] [Tests.T05_ProductRelatedTests.setup(T05_ProductRelatedTests.java:28)] -  Edge Driver is opened 
[INFO] 02-04-2024 17:29:43 [main] [Tests.T05_ProductRelatedTests.setup(T05_ProductRelatedTests.java:30)] -  Page is redirected to the URL 
[INFO] 02-04-2024 17:29:43 [main] [Listeners.ITestResultListenerClass.onTestStart(ITestResultListenerClass.java:9)] - Test Case AddProductsToCartTC started
[INFO] 02-04-2024 17:29:55 [main] [Pages.P08_ViewCartPage.comparingProduct1TotalPrices(P08_ViewCartPage.java:67)] - Comparing the product total price with the calculated total
[INFO] 02-04-2024 17:29:56 [main] [Listeners.ITestResultListenerClass.onTestSuccess(ITestResultListenerClass.java:13)] - Test Case AddProductsToCartTC passed
[INFO] 02-04-2024 17:29:58 [main] [DriverFactory.DriverFactory.quitDriver(DriverFactory.java:50)] -  The browser is closed
[INFO] 02-04-2024 17:29:58 [main] [DriverFactory.DriverFactory.setupDriver(DriverFactory.java:33)] - C:\Users\ammar\OneDrive\IntelliJ_projects\Automation-Project
[INFO] 02-04-2024 17:30:02 [main] [Tests.T05_ProductRelatedTests.setup(T05_ProductRelatedTests.java:28)] -  Edge Driver is opened 
[INFO] 02-04-2024 17:30:05 [main] [Tests.T05_ProductRelatedTests.setup(T05_ProductRelatedTests.java:30)] -  Page is redirected to the URL 
[INFO] 02-04-2024 17:30:05 [main] [Listeners.ITestResultListenerClass.onTestStart(ITestResultListenerClass.java:9)] - Test Case VerifyProductQuantityTC started
[ERROR] 02-04-2024 17:30:19 [main] [Utilities.Utility.closeAdByRefreshing(Utility.java:142)] - Expected condition failed: waiting for element to be clickable: By.xpath: //a[@href='/product_details/2'] (tried for 5 second(s) with 500 milliseconds interval)
Build info: version: '4.18.1', revision: 'b1d3319b48'
System info: os.name: 'Windows 11', os.arch: 'amd64', os.version: '10.0', java.version: '21.0.2'
Driver info: org.openqa.selenium.edge.EdgeDriver
Capabilities {acceptInsecureCerts: false, browserName: MicrosoftEdge, browserVersion: 123.0.2420.65, fedcm:accounts: true, ms:edgeOptions: {debuggerAddress: localhost:51563}, msedge: {msedgedriverVersion: 123.0.2420.65 (49b6a5859239..., userDataDir: C:\Users\ammar\AppData\Loca...}, networkConnectionEnabled: false, pageLoadStrategy: normal, platformName: windows, proxy: Proxy(), se:cdp: ws://localhost:51563/devtoo..., se:cdpVersion: 123.0.2420.65, setWindowRect: true, strictFileInteractability: false, timeouts: {implicit: 0, pageLoad: 300000, script: 30000}, unhandledPromptBehavior: dismiss and notify, webauthn:extension:credBlob: true, webauthn:extension:largeBlob: true, webauthn:extension:minPinLength: true, webauthn:extension:prf: true, webauthn:virtualAuthenticators: true}
Session ID: 851d0e5d8b7671613d6d45dde54b16e1
[INFO] 02-04-2024 17:30:23 [main] [Tests.T05_ProductRelatedTests.VerifyProductQuantityTC(T05_ProductRelatedTests.java:92)] - Product Quantity is: 4
[INFO] 02-04-2024 17:30:23 [main] [Listeners.ITestResultListenerClass.onTestSuccess(ITestResultListenerClass.java:13)] - Test Case VerifyProductQuantityTC passed
[INFO] 02-04-2024 17:30:26 [main] [DriverFactory.DriverFactory.quitDriver(DriverFactory.java:50)] -  The browser is closed
[INFO] 02-04-2024 17:30:26 [main] [DriverFactory.DriverFactory.setupDriver(DriverFactory.java:33)] - C:\Users\ammar\OneDrive\IntelliJ_projects\Automation-Project
[INFO] 02-04-2024 17:30:30 [main] [Tests.T05_ProductRelatedTests.setup(T05_ProductRelatedTests.java:28)] -  Edge Driver is opened 
[INFO] 02-04-2024 17:30:34 [main] [Tests.T05_ProductRelatedTests.setup(T05_ProductRelatedTests.java:30)] -  Page is redirected to the URL 
[INFO] 02-04-2024 17:30:34 [main] [Listeners.ITestResultListenerClass.onTestStart(ITestResultListenerClass.java:9)] - Test Case ViewCategoryProductsTC started
[ERROR] 02-04-2024 17:30:45 [main] [Utilities.Utility.closeAdByRefreshing(Utility.java:142)] - Expected condition failed: waiting for element to be clickable: By.xpath: //a[@href='/category_products/1'] (tried for 5 second(s) with 500 milliseconds interval)
Build info: version: '4.18.1', revision: 'b1d3319b48'
System info: os.name: 'Windows 11', os.arch: 'amd64', os.version: '10.0', java.version: '21.0.2'
Driver info: org.openqa.selenium.edge.EdgeDriver
Capabilities {acceptInsecureCerts: false, browserName: MicrosoftEdge, browserVersion: 123.0.2420.65, fedcm:accounts: true, ms:edgeOptions: {debuggerAddress: localhost:51707}, msedge: {msedgedriverVersion: 123.0.2420.65 (49b6a5859239..., userDataDir: C:\Users\ammar\AppData\Loca...}, networkConnectionEnabled: false, pageLoadStrategy: normal, platformName: windows, proxy: Proxy(), se:cdp: ws://localhost:51707/devtoo..., se:cdpVersion: 123.0.2420.65, setWindowRect: true, strictFileInteractability: false, timeouts: {implicit: 0, pageLoad: 300000, script: 30000}, unhandledPromptBehavior: dismiss and notify, webauthn:extension:credBlob: true, webauthn:extension:largeBlob: true, webauthn:extension:minPinLength: true, webauthn:extension:prf: true, webauthn:virtualAuthenticators: true}
Session ID: d7dc580f17eac37da26809045a56e4eb
[INFO] 02-04-2024 17:30:48 [main] [Listeners.ITestResultListenerClass.onTestSuccess(ITestResultListenerClass.java:13)] - Test Case ViewCategoryProductsTC passed
[INFO] 02-04-2024 17:30:49 [main] [DriverFactory.DriverFactory.quitDriver(DriverFactory.java:50)] -  The browser is closed
[INFO] 02-04-2024 17:30:49 [main] [DriverFactory.DriverFactory.setupDriver(DriverFactory.java:33)] - C:\Users\ammar\OneDrive\IntelliJ_projects\Automation-Project
[INFO] 02-04-2024 17:30:53 [main] [Tests.T05_ProductRelatedTests.setup(T05_ProductRelatedTests.java:28)] -  Edge Driver is opened 
[INFO] 02-04-2024 17:30:56 [main] [Tests.T05_ProductRelatedTests.setup(T05_ProductRelatedTests.java:30)] -  Page is redirected to the URL 
[INFO] 02-04-2024 17:30:56 [main] [Listeners.ITestResultListenerClass.onTestStart(ITestResultListenerClass.java:9)] - Test Case ViewCartBrandProducts started
[INFO] 02-04-2024 17:31:04 [main] [Tests.T05_ProductRelatedTests.ViewCartBrandProducts(T05_ProductRelatedTests.java:119)] - Clicking on H&M Brand
[INFO] 02-04-2024 17:31:07 [main] [Listeners.ITestResultListenerClass.onTestSuccess(ITestResultListenerClass.java:13)] - Test Case ViewCartBrandProducts passed
[INFO] 02-04-2024 17:31:09 [main] [DriverFactory.DriverFactory.quitDriver(DriverFactory.java:50)] -  The browser is closed
[INFO] 02-04-2024 17:31:09 [main] [DriverFactory.DriverFactory.setupDriver(DriverFactory.java:33)] - C:\Users\ammar\OneDrive\IntelliJ_projects\Automation-Project
[INFO] 02-04-2024 17:31:12 [main] [Tests.T06_CheckoutRelatedTests.setup(T06_CheckoutRelatedTests.java:26)] -  Edge Driver is opened 
[INFO] 02-04-2024 17:31:16 [main] [Tests.T06_CheckoutRelatedTests.setup(T06_CheckoutRelatedTests.java:28)] -  Page is redirected to the URL 
[INFO] 02-04-2024 17:31:16 [main] [Listeners.ITestResultListenerClass.onTestStart(ITestResultListenerClass.java:9)] - Test Case DownloadInvoiceAfterPurchaseOrderTC started
[INFO] 02-04-2024 17:31:45 [main] [Listeners.ITestResultListenerClass.onTestSuccess(ITestResultListenerClass.java:13)] - Test Case DownloadInvoiceAfterPurchaseOrderTC passed
[INFO] 02-04-2024 17:31:47 [main] [DriverFactory.DriverFactory.quitDriver(DriverFactory.java:50)] -  The browser is closed
[INFO] 02-04-2024 17:31:47 [main] [DriverFactory.DriverFactory.setupDriver(DriverFactory.java:33)] - C:\Users\ammar\OneDrive\IntelliJ_projects\Automation-Project
[INFO] 02-04-2024 17:31:51 [main] [Tests.T06_CheckoutRelatedTests.setup(T06_CheckoutRelatedTests.java:26)] -  Edge Driver is opened 
[INFO] 02-04-2024 17:31:55 [main] [Tests.T06_CheckoutRelatedTests.setup(T06_CheckoutRelatedTests.java:28)] -  Page is redirected to the URL 
[INFO] 02-04-2024 17:31:55 [main] [Listeners.ITestResultListenerClass.onTestStart(ITestResultListenerClass.java:9)] - Test Case LoginBeforeCheckoutTC started
[INFO] 02-04-2024 17:31:57 [main] [Pages.P02_LoginPage.EnterLoginEmail(P02_LoginPage.java:52)] - email is added
[INFO] 02-04-2024 17:31:58 [main] [Pages.P02_LoginPage.EnterPassword(P02_LoginPage.java:58)] - password is added
[INFO] 02-04-2024 17:32:13 [main] [Pages.P09_CheckoutPage.addressDetailsVisibility(P09_CheckoutPage.java:23)] - Address Details are visible
[INFO] 02-04-2024 17:32:13 [main] [Pages.P09_CheckoutPage.orderDetailsVisibility(P09_CheckoutPage.java:28)] - order Details are visible
[ERROR] 02-04-2024 17:32:25 [main] [Utilities.Utility.closeAdByRefreshing(Utility.java:142)] - Expected condition failed: waiting for element to be clickable: By.xpath: //input[@class='form-control'] (tried for 5 second(s) with 500 milliseconds interval)
Build info: version: '4.18.1', revision: 'b1d3319b48'
System info: os.name: 'Windows 11', os.arch: 'amd64', os.version: '10.0', java.version: '21.0.2'
Driver info: org.openqa.selenium.edge.EdgeDriver
Capabilities {acceptInsecureCerts: false, browserName: MicrosoftEdge, browserVersion: 123.0.2420.65, fedcm:accounts: true, ms:edgeOptions: {debuggerAddress: localhost:52139}, msedge: {msedgedriverVersion: 123.0.2420.65 (49b6a5859239..., userDataDir: C:\Users\ammar\AppData\Loca...}, networkConnectionEnabled: false, pageLoadStrategy: normal, platformName: windows, proxy: Proxy(), se:cdp: ws://localhost:52139/devtoo..., se:cdpVersion: 123.0.2420.65, setWindowRect: true, strictFileInteractability: false, timeouts: {implicit: 0, pageLoad: 300000, script: 30000}, unhandledPromptBehavior: dismiss and notify, webauthn:extension:credBlob: true, webauthn:extension:largeBlob: true, webauthn:extension:minPinLength: true, webauthn:extension:prf: true, webauthn:virtualAuthenticators: true}
Session ID: 386f7a71c09a8deac8b3193606b1ea32
[INFO] 02-04-2024 17:32:36 [main] [Listeners.IInvokedMethodListenerClass.afterInvocation(IInvokedMethodListenerClass.java:19)] - Test Case LoginBeforeCheckoutTC failed
[INFO] 02-04-2024 17:32:38 [main] [DriverFactory.DriverFactory.quitDriver(DriverFactory.java:50)] -  The browser is closed
[INFO] 02-04-2024 17:32:38 [main] [DriverFactory.DriverFactory.setupDriver(DriverFactory.java:33)] - C:\Users\ammar\OneDrive\IntelliJ_projects\Automation-Project
[INFO] 02-04-2024 17:32:43 [main] [Tests.T06_CheckoutRelatedTests.setup(T06_CheckoutRelatedTests.java:26)] -  Edge Driver is opened 
[INFO] 02-04-2024 17:32:47 [main] [Tests.T06_CheckoutRelatedTests.setup(T06_CheckoutRelatedTests.java:28)] -  Page is redirected to the URL 
[INFO] 02-04-2024 17:32:47 [main] [Listeners.ITestResultListenerClass.onTestStart(ITestResultListenerClass.java:9)] - Test Case VerifyAddressDetailsInCheckoutTC started
[INFO] 02-04-2024 17:32:50 [main] [Pages.P02_LoginPage.EnterLoginEmail(P02_LoginPage.java:52)] - email is added
[INFO] 02-04-2024 17:32:50 [main] [Pages.P02_LoginPage.EnterPassword(P02_LoginPage.java:58)] - password is added
[INFO] 02-04-2024 17:33:06 [main] [Pages.P09_CheckoutPage.ComparingDeliveryAddresses(P09_CheckoutPage.java:49)] - Delivery Address in Checkout is: Cairo and equals to Cairo 
[INFO] 02-04-2024 17:33:06 [main] [Listeners.ITestResultListenerClass.onTestSuccess(ITestResultListenerClass.java:13)] - Test Case VerifyAddressDetailsInCheckoutTC passed
[INFO] 02-04-2024 17:33:08 [main] [DriverFactory.DriverFactory.quitDriver(DriverFactory.java:50)] -  The browser is closed
